<?xml version="1.0" encoding="utf-8"?>
<test-run id="1" name="MyTests" total="2" passed="1" failed="1" duration="0.45" engine-version="3.16.3">
  <test-suite type="Assembly" name="MyTests.dll">
    <test-suite type="TestFixture" name="UserTests" fullname="MyTests.UserTests">
      <test-case id="1-1" name="CreateUser_Returns201" fullname="MyTests.UserTests.CreateUser_Returns201"
                 result="Failed" duration="0.23" methodname="CreateUser_Returns201" classname="MyTests.UserTests">
        <failure>
          <message>Expected: 201  But was: 404</message>
          <stack-trace>at MyTests.UserTests.CreateUser_Returns201() in UserTests.cs:line 22</stack-trace>
        </failure>
      </test-case>
      <test-case id="1-2" name="GetUser_Returns200" fullname="MyTests.UserTests.GetUser_Returns200"
                 result="Passed" duration="0.22"/>
    </test-suite>
  </test-suite>
</test-run>
